# JRE version: OpenJDK Runtime Environment Temurin-21.0.8+9 (21.0.8+9) (build 21.0.8+9-LTS)
# Java VM: OpenJDK 64-Bit Server VM Temurin-21.0.8+9 (21.0.8+9-LTS, mixed mode, sharing, tiered, compressed oops, compressed class ptrs, parallel gc, windows-amd64)
GC Precious Log:
 CardTable entry size: 512
 CPUs: 8 total, 8 available
 Memory: 16003M
 Large Page Support: Disabled
 NUMA Support: Disabled
 Compressed Oops: Enabled (32-bit)
 Alignments: Space 512K, Generation 512K, Heap 2M
 Heap Min Capacity: 100M
 Heap Initial Capacity: 100M
 Heap Max Capacity: 2G
 Pre-touch: Disabled
 Parallel Workers: 8
Heap:
 PSYoungGen      total 2560K, used 2029K [0x00000000d5580000, 0x00000000d5a00000, 0x0000000100000000)
  eden space 2048K, 86% used [0x00000000d5580000,0x00000000d573b760,0x00000000d5780000)
  from space 512K, 50% used [0x00000000d5980000,0x00000000d59c0000,0x00000000d5a00000)
  to   space 512K, 0% used [0x00000000d5900000,0x00000000d5900000,0x00000000d5980000)
 ParOldGen       total 617984K, used 616812K [0x0000000080000000, 0x00000000a5b80000, 0x00000000d5580000)
  object space 617984K, 99% used [0x0000000080000000,0x00000000a5a5b078,0x00000000a5b80000)
 Metaspace       used 76153K, committed 77760K, reserved 1179648K
  class space    used 7692K, committed 8384K, reserved 1048576K
GC Heap History (20 events):
Event: 1303.800 GC heap before
{Heap before GC invocations=2255 (full 4):
 PSYoungGen      total 4608K, used 4444K [0x00000000d5580000, 0x00000000d5c80000, 0x0000000100000000)
  eden space 4096K, 100% used [0x00000000d5580000,0x00000000d5980000,0x00000000d5980000)
  from space 512K, 68% used [0x00000000d5c00000,0x00000000d5c57328,0x00000000d5c80000)
  to   space 512K, 0% used [0x00000000d5b80000,0x00000000d5b80000,0x00000000d5c00000)
 ParOldGen       total 577024K, used 576870K [0x0000000080000000, 0x00000000a3380000, 0x00000000d5580000)
  object space 577024K, 99% used [0x0000000080000000,0x00000000a3359860,0x00000000a3380000)
 Metaspace       used 75741K, committed 77440K, reserved 1179648K
  class space    used 7640K, committed 8384K, reserved 1048576K
}
Event: 1303.804 GC heap after
{Heap after GC invocations=2255 (full 4):
 PSYoungGen      total 4608K, used 509K [0x00000000d5580000, 0x00000000d5c80000, 0x0000000100000000)
  eden space 4096K, 0% used [0x00000000d5580000,0x00000000d5580000,0x00000000d5980000)
  from space 512K, 99% used [0x00000000d5b80000,0x00000000d5bff410,0x00000000d5c00000)
  to   space 512K, 0% used [0x00000000d5c00000,0x00000000d5c00000,0x00000000d5c80000)
 ParOldGen       total 577536K, used 577198K [0x0000000080000000, 0x00000000a3400000, 0x00000000d5580000)
  object space 577536K, 99% used [0x0000000080000000,0x00000000a33ab880,0x00000000a3400000)
 Metaspace       used 75741K, committed 77440K, reserved 1179648K
  class space    used 7640K, committed 8384K, reserved 1048576K
}
Event: 1303.847 GC heap before
{Heap before GC invocations=2256 (full 4):
 PSYoungGen      total 4608K, used 4605K [0x00000000d5580000, 0x00000000d5c80000, 0x0000000100000000)
  eden space 4096K, 100% used [0x00000000d5580000,0x00000000d5980000,0x00000000d5980000)
  from space 512K, 99% used [0x00000000d5b80000,0x00000000d5bff410,0x00000000d5c00000)
  to   space 512K, 0% used [0x00000000d5c00000,0x00000000d5c00000,0x00000000d5c80000)
 ParOldGen       total 577536K, used 577198K [0x0000000080000000, 0x00000000a3400000, 0x00000000d5580000)
  object space 577536K, 99% used [0x0000000080000000,0x00000000a33ab880,0x00000000a3400000)
 Metaspace       used 75745K, committed 77440K, reserved 1179648K
  class space    used 7640K, committed 8384K, reserved 1048576K
}
Event: 1303.851 GC heap after
{Heap after GC invocations=2256 (full 4):
 PSYoungGen      total 2560K, used 511K [0x00000000d5580000, 0x00000000d6280000, 0x0000000100000000)
  eden space 2048K, 0% used [0x00000000d5580000,0x00000000d5580000,0x00000000d5780000)
  from space 512K, 99% used [0x00000000d5c00000,0x00000000d5c7fcd0,0x00000000d5c80000)
  to   space 4608K, 0% used [0x00000000d5780000,0x00000000d5780000,0x00000000d5c00000)
 ParOldGen       total 580608K, used 580305K [0x0000000080000000, 0x00000000a3700000, 0x00000000d5580000)
  object space 580608K, 99% used [0x0000000080000000,0x00000000a36b4400,0x00000000a3700000)
 Metaspace       used 75745K, committed 77440K, reserved 1179648K
  class space    used 7640K, committed 8384K, reserved 1048576K
}
Event: 1303.861 GC heap before
{Heap before GC invocations=2257 (full 4):
 PSYoungGen      total 2560K, used 1852K [0x00000000d5580000, 0x00000000d6280000, 0x0000000100000000)
  eden space 2048K, 65% used [0x00000000d5580000,0x00000000d56cf6a0,0x00000000d5780000)
  from space 512K, 99% used [0x00000000d5c00000,0x00000000d5c7fcd0,0x00000000d5c80000)
  to   space 4608K, 0% used [0x00000000d5780000,0x00000000d5780000,0x00000000d5c00000)
 ParOldGen       total 580608K, used 580305K [0x0000000080000000, 0x00000000a3700000, 0x00000000d5580000)
  object space 580608K, 99% used [0x0000000080000000,0x00000000a36b4400,0x00000000a3700000)
 Metaspace       used 75745K, committed 77440K, reserved 1179648K
  class space    used 7640K, committed 8384K, reserved 1048576K
}
Event: 1303.864 GC heap after
{Heap after GC invocations=2257 (full 4):
 PSYoungGen      total 3584K, used 1270K [0x00000000d5580000, 0x00000000d5c80000, 0x0000000100000000)
  eden space 2048K, 0% used [0x00000000d5580000,0x00000000d5580000,0x00000000d5780000)
  from space 1536K, 82% used [0x00000000d5780000,0x00000000d58bda68,0x00000000d5900000)
  to   space 2560K, 0% used [0x00000000d5a00000,0x00000000d5a00000,0x00000000d5c80000)
 ParOldGen       total 581120K, used 580833K [0x0000000080000000, 0x00000000a3780000, 0x00000000d5580000)
  object space 581120K, 99% used [0x0000000080000000,0x00000000a37387d0,0x00000000a3780000)
 Metaspace       used 75745K, committed 77440K, reserved 1179648K
  class space    used 7640K, committed 8384K, reserved 1048576K
}
Event: 1303.884 GC heap before
{Heap before GC invocations=2258 (full 4):
 PSYoungGen      total 3584K, used 3318K [0x00000000d5580000, 0x00000000d5c80000, 0x0000000100000000)
  eden space 2048K, 100% used [0x00000000d5580000,0x00000000d5780000,0x00000000d5780000)
  from space 1536K, 82% used [0x00000000d5780000,0x00000000d58bda68,0x00000000d5900000)
  to   space 2560K, 0% used [0x00000000d5a00000,0x00000000d5a00000,0x00000000d5c80000)
 ParOldGen       total 581120K, used 580833K [0x0000000080000000, 0x00000000a3780000, 0x00000000d5580000)
  object space 581120K, 99% used [0x0000000080000000,0x00000000a37387d0,0x00000000a3780000)
 Metaspace       used 75745K, committed 77440K, reserved 1179648K
  class space    used 7640K, committed 8384K, reserved 1048576K
}
Event: 1303.888 GC heap after
{Heap after GC invocations=2258 (full 4):
 PSYoungGen      total 4608K, used 1994K [0x00000000d5580000, 0x00000000d5c80000, 0x0000000100000000)
  eden space 2048K, 0% used [0x00000000d5580000,0x00000000d5580000,0x00000000d5780000)
  from space 2560K, 77% used [0x00000000d5a00000,0x00000000d5bf29d0,0x00000000d5c80000)
  to   space 2560K, 0% used [0x00000000d5780000,0x00000000d5780000,0x00000000d5a00000)
 ParOldGen       total 582144K, used 581961K [0x0000000080000000, 0x00000000a3880000, 0x00000000d5580000)
  object space 582144K, 99% used [0x0000000080000000,0x00000000a38524b0,0x00000000a3880000)
 Metaspace       used 75745K, committed 77440K, reserved 1179648K
  class space    used 7640K, committed 8384K, reserved 1048576K
}
Event: 1303.962 GC heap before
{Heap before GC invocations=2259 (full 4):
 PSYoungGen      total 4608K, used 4042K [0x00000000d5580000, 0x00000000d5c80000, 0x0000000100000000)
  eden space 2048K, 100% used [0x00000000d5580000,0x00000000d5780000,0x00000000d5780000)
  from space 2560K, 77% used [0x00000000d5a00000,0x00000000d5bf29d0,0x00000000d5c80000)
  to   space 2560K, 0% used [0x00000000d5780000,0x00000000d5780000,0x00000000d5a00000)
 ParOldGen       total 582144K, used 581961K [0x0000000080000000, 0x00000000a3880000, 0x00000000d5580000)
  object space 582144K, 99% used [0x0000000080000000,0x00000000a38524b0,0x00000000a3880000)
 Metaspace       used 75826K, committed 77504K, reserved 1179648K
  class space    used 7662K, committed 8384K, reserved 1048576K
}
Event: 1303.965 GC heap after
{Heap after GC invocations=2259 (full 4):
 PSYoungGen      total 3584K, used 1351K [0x00000000d5580000, 0x00000000d5b80000, 0x0000000100000000)
  eden space 2048K, 0% used [0x00000000d5580000,0x00000000d5580000,0x00000000d5780000)
  from space 1536K, 87% used [0x00000000d5780000,0x00000000d58d1d10,0x00000000d5900000)
  to   space 2048K, 0% used [0x00000000d5980000,0x00000000d5980000,0x00000000d5b80000)
 ParOldGen       total 584192K, used 583809K [0x0000000080000000, 0x00000000a3a80000, 0x00000000d5580000)
  object space 584192K, 99% used [0x0000000080000000,0x00000000a3a204a0,0x00000000a3a80000)
 Metaspace       used 75826K, committed 77504K, reserved 1179648K
  class space    used 7662K, committed 8384K, reserved 1048576K
}
Event: 1304.018 GC heap before
{Heap before GC invocations=2260 (full 4):
 PSYoungGen      total 3584K, used 3399K [0x00000000d5580000, 0x00000000d5b80000, 0x0000000100000000)
  eden space 2048K, 100% used [0x00000000d5580000,0x00000000d5780000,0x00000000d5780000)
  from space 1536K, 87% used [0x00000000d5780000,0x00000000d58d1d10,0x00000000d5900000)
  to   space 2048K, 0% used [0x00000000d5980000,0x00000000d5980000,0x00000000d5b80000)
 ParOldGen       total 584192K, used 583809K [0x0000000080000000, 0x00000000a3a80000, 0x00000000d5580000)
  object space 584192K, 99% used [0x0000000080000000,0x00000000a3a204a0,0x00000000a3a80000)
 Metaspace       used 75832K, committed 77504K, reserved 1179648K
  class space    used 7663K, committed 8384K, reserved 1048576K
}
Event: 1304.021 GC heap after
{Heap after GC invocations=2260 (full 4):
 PSYoungGen      total 3072K, used 832K [0x00000000d5580000, 0x00000000d5a80000, 0x0000000100000000)
  eden space 2048K, 0% used [0x00000000d5580000,0x00000000d5580000,0x00000000d5780000)
  from space 1024K, 81% used [0x00000000d5980000,0x00000000d5a50000,0x00000000d5a80000)
  to   space 1536K, 0% used [0x00000000d5780000,0x00000000d5780000,0x00000000d5900000)
 ParOldGen       total 585216K, used 585052K [0x0000000080000000, 0x00000000a3b80000, 0x00000000d5580000)
  object space 585216K, 99% used [0x0000000080000000,0x00000000a3b57008,0x00000000a3b80000)
 Metaspace       used 75832K, committed 77504K, reserved 1179648K
  class space    used 7663K, committed 8384K, reserved 1048576K
}
Event: 2180.704 GC heap before
{Heap before GC invocations=2261 (full 4):
 PSYoungGen      total 3072K, used 2879K [0x00000000d5580000, 0x00000000d5a80000, 0x0000000100000000)
  eden space 2048K, 99% used [0x00000000d5580000,0x00000000d577ffe0,0x00000000d5780000)
  from space 1024K, 81% used [0x00000000d5980000,0x00000000d5a50000,0x00000000d5a80000)
  to   space 1536K, 0% used [0x00000000d5780000,0x00000000d5780000,0x00000000d5900000)
 ParOldGen       total 585216K, used 585052K [0x0000000080000000, 0x00000000a3b80000, 0x00000000d5580000)
  object space 585216K, 99% used [0x0000000080000000,0x00000000a3b57008,0x00000000a3b80000)
 Metaspace       used 75987K, committed 77632K, reserved 1179648K
  class space    used 7685K, committed 8384K, reserved 1048576K
}
Event: 2180.730 GC heap after
{Heap after GC invocations=2261 (full 4):
 PSYoungGen      total 3584K, used 256K [0x00000000d5580000, 0x00000000d5a00000, 0x0000000100000000)
  eden space 2048K, 0% used [0x00000000d5580000,0x00000000d5580000,0x00000000d5780000)
  from space 1536K, 16% used [0x00000000d5780000,0x00000000d57c0000,0x00000000d5900000)
  to   space 512K, 0% used [0x00000000d5980000,0x00000000d5980000,0x00000000d5a00000)
 ParOldGen       total 586240K, used 585732K [0x0000000080000000, 0x00000000a3c80000, 0x00000000d5580000)
  object space 586240K, 99% used [0x0000000080000000,0x00000000a3c01008,0x00000000a3c80000)
 Metaspace       used 75987K, committed 77632K, reserved 1179648K
  class space    used 7685K, committed 8384K, reserved 1048576K
}
Event: 2180.939 GC heap before
{Heap before GC invocations=2262 (full 4):
 PSYoungGen      total 3584K, used 2304K [0x00000000d5580000, 0x00000000d5a00000, 0x0000000100000000)
  eden space 2048K, 100% used [0x00000000d5580000,0x00000000d5780000,0x00000000d5780000)
  from space 1536K, 16% used [0x00000000d5780000,0x00000000d57c0000,0x00000000d5900000)
  to   space 512K, 0% used [0x00000000d5980000,0x00000000d5980000,0x00000000d5a00000)
 ParOldGen       total 586240K, used 585732K [0x0000000080000000, 0x00000000a3c80000, 0x00000000d5580000)
  object space 586240K, 99% used [0x0000000080000000,0x00000000a3c01008,0x00000000a3c80000)
 Metaspace       used 76025K, committed 77696K, reserved 1179648K
  class space    used 7686K, committed 8384K, reserved 1048576K
}
Event: 2180.941 GC heap after
{Heap after GC invocations=2262 (full 4):
 PSYoungGen      total 2560K, used 368K [0x00000000d5580000, 0x00000000d5a00000, 0x0000000100000000)
  eden space 2048K, 0% used [0x00000000d5580000,0x00000000d5580000,0x00000000d5780000)
  from space 512K, 71% used [0x00000000d5980000,0x00000000d59dc030,0x00000000d5a00000)
  to   space 512K, 0% used [0x00000000d5900000,0x00000000d5900000,0x00000000d5980000)
 ParOldGen       total 586240K, used 585828K [0x0000000080000000, 0x00000000a3c80000, 0x00000000d5580000)
  object space 586240K, 99% used [0x0000000080000000,0x00000000a3c19018,0x00000000a3c80000)
 Metaspace       used 76025K, committed 77696K, reserved 1179648K
  class space    used 7686K, committed 8384K, reserved 1048576K
}
Event: 2181.064 GC heap before
{Heap before GC invocations=2263 (full 4):
 PSYoungGen      total 2560K, used 2415K [0x00000000d5580000, 0x00000000d5a00000, 0x0000000100000000)
  eden space 2048K, 99% used [0x00000000d5580000,0x00000000d577ffc0,0x00000000d5780000)
  from space 512K, 71% used [0x00000000d5980000,0x00000000d59dc030,0x00000000d5a00000)
  to   space 512K, 0% used [0x00000000d5900000,0x00000000d5900000,0x00000000d5980000)
 ParOldGen       total 617984K, used 616548K [0x0000000080000000, 0x00000000a5b80000, 0x00000000d5580000)
  object space 617984K, 99% used [0x0000000080000000,0x00000000a5a19048,0x00000000a5b80000)
 Metaspace       used 76084K, committed 77696K, reserved 1179648K
  class space    used 7692K, committed 8384K, reserved 1048576K
}
Event: 2181.068 GC heap after
{Heap after GC invocations=2263 (full 4):
 PSYoungGen      total 2560K, used 256K [0x00000000d5580000, 0x00000000d5a00000, 0x0000000100000000)
  eden space 2048K, 0% used [0x00000000d5580000,0x00000000d5580000,0x00000000d5780000)
  from space 512K, 50% used [0x00000000d5900000,0x00000000d5940000,0x00000000d5980000)
  to   space 512K, 0% used [0x00000000d5980000,0x00000000d5980000,0x00000000d5a00000)
 ParOldGen       total 617984K, used 616772K [0x0000000080000000, 0x00000000a5b80000, 0x00000000d5580000)
  object space 617984K, 99% used [0x0000000080000000,0x00000000a5a51078,0x00000000a5b80000)
 Metaspace       used 76084K, committed 77696K, reserved 1179648K
  class space    used 7692K, committed 8384K, reserved 1048576K
}
Event: 2480.547 GC heap before
{Heap before GC invocations=2264 (full 4):
 PSYoungGen      total 2560K, used 2304K [0x00000000d5580000, 0x00000000d5a00000, 0x0000000100000000)
  eden space 2048K, 100% used [0x00000000d5580000,0x00000000d5780000,0x00000000d5780000)
  from space 512K, 50% used [0x00000000d5900000,0x00000000d5940000,0x00000000d5980000)
  to   space 512K, 0% used [0x00000000d5980000,0x00000000d5980000,0x00000000d5a00000)
 ParOldGen       total 617984K, used 616772K [0x0000000080000000, 0x00000000a5b80000, 0x00000000d5580000)
  object space 617984K, 99% used [0x0000000080000000,0x00000000a5a51078,0x00000000a5b80000)
 Metaspace       used 76114K, committed 77760K, reserved 1179648K
  class space    used 7692K, committed 8384K, reserved 1048576K
}
Event: 2480.554 GC heap after
{Heap after GC invocations=2264 (full 4):
 PSYoungGen      total 2560K, used 256K [0x00000000d5580000, 0x00000000d5a00000, 0x0000000100000000)
  eden space 2048K, 0% used [0x00000000d5580000,0x00000000d5580000,0x00000000d5780000)
  from space 512K, 50% used [0x00000000d5980000,0x00000000d59c0000,0x00000000d5a00000)
  to   space 512K, 0% used [0x00000000d5900000,0x00000000d5900000,0x00000000d5980000)
 ParOldGen       total 617984K, used 616812K [0x0000000080000000, 0x00000000a5b80000, 0x00000000d5580000)
  object space 617984K, 99% used [0x0000000080000000,0x00000000a5a5b078,0x00000000a5b80000)
 Metaspace       used 76114K, committed 77760K, reserved 1179648K
  class space    used 7692K, committed 8384K, reserved 1048576K
}

